This is pdfTeX, Version 3.14159265-2.6-1.40.16 (TeX Live 2015/Debian) (preloaded format=pdflatex 2016.4.22)  29 APR 2016 18:03
entering extended mode
 \write18 enabled.
 file:line:error style messages enabled.
 %&-line parsing enabled.
**report.tex
(/home/huaraz2/Desktop/multivarite/Project/report.tex
LaTeX2e <2016/02/01>
Babel <3.9q> and hyphenation patterns for 3 language(s) loaded.
(/usr/share/texlive/texmf-dist/tex/latex/base/article.cls
Document Class: article 2014/09/29 v1.4h Standard LaTeX document class
(/usr/share/texlive/texmf-dist/tex/latex/base/size10.clo
File: size10.clo 2014/09/29 v1.4h Standard LaTeX file (size option)
)
\c@part=\count79
\c@section=\count80
\c@subsection=\count81
\c@subsubsection=\count82
\c@paragraph=\count83
\c@subparagraph=\count84
\c@figure=\count85
\c@table=\count86
\abovecaptionskip=\skip41
\belowcaptionskip=\skip42
\bibindent=\dimen102
) (/usr/share/texlive/texmf-dist/tex/latex/geometry/geometry.sty
Package: geometry 2010/09/12 v5.6 Page Geometry
 (/usr/share/texlive/texmf-dist/tex/latex/graphics/keyval.sty
Package: keyval 2014/10/28 v1.15 key=value parser (DPC)
\KV@toks@=\toks14
) (/usr/share/texlive/texmf-dist/tex/generic/oberdiek/ifpdf.sty
Package: ifpdf 2011/01/30 v2.3 Provides the ifpdf switch (HO)
Package ifpdf Info: pdfTeX in PDF mode is detected.
) (/usr/share/texlive/texmf-dist/tex/generic/oberdiek/ifvtex.sty
Package: ifvtex 2010/03/01 v1.5 Detect VTeX and its facilities (HO)
Package ifvtex Info: VTeX not detected.
) (/usr/share/texlive/texmf-dist/tex/generic/ifxetex/ifxetex.sty
Package: ifxetex 2010/09/12 v0.6 Provides ifxetex conditional
)
\Gm@cnth=\count87
\Gm@cntv=\count88
\c@Gm@tempcnt=\count89
\Gm@bindingoffset=\dimen103
\Gm@wd@mp=\dimen104
\Gm@odd@mp=\dimen105
\Gm@even@mp=\dimen106
\Gm@layoutwidth=\dimen107
\Gm@layoutheight=\dimen108
\Gm@layouthoffset=\dimen109
\Gm@layoutvoffset=\dimen110
\Gm@dimlist=\toks15
) (/usr/share/texlive/texmf-dist/tex/latex/parskip/parskip.sty
Package: parskip 2001/04/09 non-zero parskip adjustments
) (/usr/share/texlive/texmf-dist/tex/latex/graphics/graphicx.sty
Package: graphicx 2014/10/28 v1.0g Enhanced LaTeX Graphics (DPC,SPQR)
 (/usr/share/texlive/texmf-dist/tex/latex/graphics/graphics.sty
Package: graphics 2016/01/03 v1.0q Standard LaTeX Graphics (DPC,SPQR)
 (/usr/share/texlive/texmf-dist/tex/latex/graphics/trig.sty
Package: trig 2016/01/03 v1.10 sin cos tan (DPC)
) (/usr/share/texlive/texmf-dist/tex/latex/latexconfig/graphics.cfg
File: graphics.cfg 2010/04/23 v1.9 graphics configuration of TeX Live
)
Package graphics Info: Driver file: pdftex.def on input line 95.
 (/usr/share/texlive/texmf-dist/tex/latex/pdftex-def/pdftex.def
File: pdftex.def 2011/05/27 v0.06d Graphics/color for pdfTeX
 (/usr/share/texlive/texmf-dist/tex/generic/oberdiek/infwarerr.sty
Package: infwarerr 2010/04/08 v1.3 Providing info/warning/error messages (HO)
) (/usr/share/texlive/texmf-dist/tex/generic/oberdiek/ltxcmds.sty
Package: ltxcmds 2011/11/09 v1.22 LaTeX kernel commands for general use (HO)
)
\Gread@gobject=\count90
))
\Gin@req@height=\dimen111
\Gin@req@width=\dimen112
) (/usr/share/texlive/texmf-dist/tex/latex/amsmath/amsmath.sty
Package: amsmath 2016/03/03 v2.15a AMS math features
\@mathmargin=\skip43

For additional information on amsmath, use the `?' option.
(/usr/share/texlive/texmf-dist/tex/latex/amsmath/amstext.sty
Package: amstext 2000/06/29 v2.01 AMS text
 (/usr/share/texlive/texmf-dist/tex/latex/amsmath/amsgen.sty
File: amsgen.sty 1999/11/30 v2.0 generic functions
\@emptytoks=\toks16
\ex@=\dimen113
)) (/usr/share/texlive/texmf-dist/tex/latex/amsmath/amsbsy.sty
Package: amsbsy 1999/11/29 v1.2d Bold Symbols
\pmbraise@=\dimen114
) (/usr/share/texlive/texmf-dist/tex/latex/amsmath/amsopn.sty
Package: amsopn 1999/12/14 v2.01 operator names
)
\inf@bad=\count91
LaTeX Info: Redefining \frac on input line 199.
\uproot@=\count92
\leftroot@=\count93
LaTeX Info: Redefining \overline on input line 297.
\classnum@=\count94
\DOTSCASE@=\count95
LaTeX Info: Redefining \ldots on input line 394.
LaTeX Info: Redefining \dots on input line 397.
LaTeX Info: Redefining \cdots on input line 518.
\Mathstrutbox@=\box26
\strutbox@=\box27
\big@size=\dimen115
LaTeX Font Info:    Redeclaring font encoding OML on input line 630.
LaTeX Font Info:    Redeclaring font encoding OMS on input line 631.
\macc@depth=\count96
\c@MaxMatrixCols=\count97
\dotsspace@=\muskip10
\c@parentequation=\count98
\dspbrk@lvl=\count99
\tag@help=\toks17
\row@=\count100
\column@=\count101
\maxfields@=\count102
\andhelp@=\toks18
\eqnshift@=\dimen116
\alignsep@=\dimen117
\tagshift@=\dimen118
\tagwidth@=\dimen119
\totwidth@=\dimen120
\lineht@=\dimen121
\@envbody=\toks19
\multlinegap=\skip44
\multlinetaggap=\skip45
\mathdisplay@stack=\toks20
LaTeX Info: Redefining \[ on input line 2735.
LaTeX Info: Redefining \] on input line 2736.
) (/usr/share/texlive/texmf-dist/tex/latex/amsfonts/amsfonts.sty
Package: amsfonts 2013/01/14 v3.01 Basic AMSFonts support
\symAMSa=\mathgroup4
\symAMSb=\mathgroup5
LaTeX Font Info:    Overwriting math alphabet `\mathfrak' in version `bold'
(Font)                  U/euf/m/n --> U/euf/b/n on input line 106.
) (/usr/share/texlive/texmf-dist/tex/latex/amsfonts/amssymb.sty
Package: amssymb 2013/01/14 v3.01 AMS font symbols
) (/usr/share/texlive/texmf-dist/tex/latex/hyperref/hyperref.sty
Package: hyperref 2012/11/06 v6.83m Hypertext links for LaTeX
 (/usr/share/texlive/texmf-dist/tex/generic/oberdiek/hobsub-hyperref.sty
Package: hobsub-hyperref 2012/05/28 v1.13 Bundle oberdiek, subset hyperref (HO)
 (/usr/share/texlive/texmf-dist/tex/generic/oberdiek/hobsub-generic.sty
Package: hobsub-generic 2012/05/28 v1.13 Bundle oberdiek, subset generic (HO)
Package: hobsub 2012/05/28 v1.13 Construct package bundles (HO)
Package hobsub Info: Skipping package `infwarerr' (already loaded).
Package hobsub Info: Skipping package `ltxcmds' (already loaded).
Package: ifluatex 2010/03/01 v1.3 Provides the ifluatex switch (HO)
Package ifluatex Info: LuaTeX not detected.
Package hobsub Info: Skipping package `ifvtex' (already loaded).
Package: intcalc 2007/09/27 v1.1 Expandable calculations with integers (HO)
Package hobsub Info: Skipping package `ifpdf' (already loaded).
Package: etexcmds 2011/02/16 v1.5 Avoid name clashes with e-TeX commands (HO)
Package etexcmds Info: Could not find \expanded.
(etexcmds)             That can mean that you are not using pdfTeX 1.50 or
(etexcmds)             that some package has redefined \expanded.
(etexcmds)             In the latter case, load this package earlier.
Package: kvsetkeys 2012/04/25 v1.16 Key value parser (HO)
Package: kvdefinekeys 2011/04/07 v1.3 Define keys (HO)
Package: pdftexcmds 2011/11/29 v0.20 Utility functions of pdfTeX for LuaTeX (HO)
Package pdftexcmds Info: LuaTeX not detected.
Package pdftexcmds Info: \pdf@primitive is available.
Package pdftexcmds Info: \pdf@ifprimitive is available.
Package pdftexcmds Info: \pdfdraftmode found.
Package: pdfescape 2011/11/25 v1.13 Implements pdfTeX's escape features (HO)
Package: bigintcalc 2012/04/08 v1.3 Expandable calculations on big integers (HO)
Package: bitset 2011/01/30 v1.1 Handle bit-vector datatype (HO)
Package: uniquecounter 2011/01/30 v1.2 Provide unlimited unique counter (HO)
)
Package hobsub Info: Skipping package `hobsub' (already loaded).
Package: letltxmacro 2010/09/02 v1.4 Let assignment for LaTeX macros (HO)
Package: hopatch 2012/05/28 v1.2 Wrapper for package hooks (HO)
Package: xcolor-patch 2011/01/30 xcolor patch
Package: atveryend 2011/06/30 v1.8 Hooks at the very end of document (HO)
Package atveryend Info: \enddocument detected (standard20110627).
Package: atbegshi 2011/10/05 v1.16 At begin shipout hook (HO)
Package: refcount 2011/10/16 v3.4 Data extraction from label references (HO)
Package: hycolor 2011/01/30 v1.7 Color options for hyperref/bookmark (HO)
) (/usr/share/texlive/texmf-dist/tex/latex/oberdiek/auxhook.sty
Package: auxhook 2011/03/04 v1.3 Hooks for auxiliary files (HO)
) (/usr/share/texlive/texmf-dist/tex/latex/oberdiek/kvoptions.sty
Package: kvoptions 2011/06/30 v3.11 Key value format for package options (HO)
)
\@linkdim=\dimen122
\Hy@linkcounter=\count103
\Hy@pagecounter=\count104
 (/usr/share/texlive/texmf-dist/tex/latex/hyperref/pd1enc.def
File: pd1enc.def 2012/11/06 v6.83m Hyperref: PDFDocEncoding definition (HO)
)
\Hy@SavedSpaceFactor=\count105
 (/usr/share/texlive/texmf-dist/tex/latex/latexconfig/hyperref.cfg
File: hyperref.cfg 2002/06/06 v1.2 hyperref configuration of TeXLive
)
Package hyperref Info: Hyper figures OFF on input line 4443.
Package hyperref Info: Link nesting OFF on input line 4448.
Package hyperref Info: Hyper index ON on input line 4451.
Package hyperref Info: Plain pages OFF on input line 4458.
Package hyperref Info: Backreferencing OFF on input line 4463.
Package hyperref Info: Implicit mode ON; LaTeX internals redefined.
Package hyperref Info: Bookmarks ON on input line 4688.
\c@Hy@tempcnt=\count106
 (/usr/share/texlive/texmf-dist/tex/latex/url/url.sty
\Urlmuskip=\muskip11
Package: url 2013/09/16  ver 3.4  Verb mode for urls, etc.
)
LaTeX Info: Redefining \url on input line 5041.
\XeTeXLinkMargin=\dimen123
\Fld@menulength=\count107
\Field@Width=\dimen124
\Fld@charsize=\dimen125
Package hyperref Info: Hyper figures OFF on input line 6295.
Package hyperref Info: Link nesting OFF on input line 6300.
Package hyperref Info: Hyper index ON on input line 6303.
Package hyperref Info: backreferencing OFF on input line 6310.
Package hyperref Info: Link coloring OFF on input line 6315.
Package hyperref Info: Link coloring with OCG OFF on input line 6320.
Package hyperref Info: PDF/A mode OFF on input line 6325.
LaTeX Info: Redefining \ref on input line 6365.
LaTeX Info: Redefining \pageref on input line 6369.
\Hy@abspage=\count108
\c@Item=\count109
\c@Hfootnote=\count110
)

Package hyperref Message: Driver (autodetected): hpdftex.

(/usr/share/texlive/texmf-dist/tex/latex/hyperref/hpdftex.def
File: hpdftex.def 2012/11/06 v6.83m Hyperref driver for pdfTeX
\Fld@listcount=\count111
\c@bookmark@seq@number=\count112
 (/usr/share/texlive/texmf-dist/tex/latex/oberdiek/rerunfilecheck.sty
Package: rerunfilecheck 2011/04/15 v1.7 Rerun checks for auxiliary files (HO)
Package uniquecounter Info: New unique counter `rerunfilecheck' on input line 282.
)
\Hy@SectionHShift=\skip46
) (/usr/share/texlive/texmf-dist/tex/latex/listings/listings.sty
\lst@mode=\count113
\lst@gtempboxa=\box28
\lst@token=\toks21
\lst@length=\count114
\lst@currlwidth=\dimen126
\lst@column=\count115
\lst@pos=\count116
\lst@lostspace=\dimen127
\lst@width=\dimen128
\lst@newlines=\count117
\lst@lineno=\count118
\lst@maxwidth=\dimen129
 (/usr/share/texlive/texmf-dist/tex/latex/listings/lstmisc.sty
File: lstmisc.sty 2015/06/04 1.6 (Carsten Heinz)
\c@lstnumber=\count119
\lst@skipnumbers=\count120
\lst@framebox=\box29
) (/usr/share/texlive/texmf-dist/tex/latex/listings/listings.cfg
File: listings.cfg 2015/06/04 1.6 listings configuration
))
Package: listings 2015/06/04 1.6 (Carsten Heinz)
 (/usr/share/texlive/texmf-dist/tex/generic/epsf/epsf.sty
This is `epsf.tex' v2.7.4 <14 February 2011>
\epsffilein=\read1
\epsfframemargin=\dimen130
\epsfframethickness=\dimen131
\epsfrsize=\dimen132
\epsftmp=\dimen133
\epsftsize=\dimen134
\epsfxsize=\dimen135
\epsfysize=\dimen136
\pspoints=\dimen137
) (/usr/share/texlive/texmf-dist/tex/latex/float/float.sty
Package: float 2001/11/08 v1.3d Float enhancements (AL)
\c@float@type=\count121
\float@exts=\toks22
\float@box=\box30
\@float@everytoks=\toks23
\@floatcapt=\box31
) (/usr/share/texlive/texmf-dist/tex/latex/siunitx/siunitx.sty (/usr/share/texlive/texmf-dist/tex/latex/l3kernel/expl3.sty
Package: expl3 2016/01/19 v6377 L3 programming layer (loader) 
 (/usr/share/texlive/texmf-dist/tex/latex/l3kernel/expl3-code.tex
Package: expl3 2016/01/19 v6377 L3 programming layer (code)
L3 Module: l3bootstrap 2016/01/01 v6339 L3 Bootstrap code
L3 Module: l3names 2015/12/21 v6328 L3 Namespace for primitives
L3 Module: l3basics 2015/11/22 v6315 L3 Basic definitions
L3 Module: l3expan 2015/09/10 v5983 L3 Argument expansion
L3 Module: l3tl 2015/09/29 v6121 L3 Token lists
L3 Module: l3str 2016/01/03 v6357 L3 Strings
L3 Module: l3seq 2015/08/05 v5777 L3 Sequences and stacks
L3 Module: l3int 2016/01/05 v6366 L3 Integers
\c_max_int=\count122
\l_tmpa_int=\count123
\l_tmpb_int=\count124
\g_tmpa_int=\count125
\g_tmpb_int=\count126
L3 Module: l3quark 2015/08/17 v5855 L3 Quarks
L3 Module: l3prg 2015/11/01 v6216 L3 Control structures
\g__prg_map_int=\count127
L3 Module: l3clist 2015/09/02 v5901 L3 Comma separated lists
L3 Module: l3token 2015/11/11 v6249 L3 Experimental token manipulation
L3 Module: l3prop 2016/01/05 v6366 L3 Property lists
L3 Module: l3msg 2015/09/28 v6113 L3 Messages
L3 Module: l3file 2015/12/03 v6317 L3 File and I/O operations
\l_iow_line_count_int=\count128
\l__iow_target_count_int=\count129
\l__iow_current_line_int=\count130
\l__iow_current_word_int=\count131
\l__iow_current_indentation_int=\count132
L3 Module: l3skip 2016/01/05 v6366 L3 Dimensions and skips
\c_zero_dim=\dimen138
\c_max_dim=\dimen139
\l_tmpa_dim=\dimen140
\l_tmpb_dim=\dimen141
\g_tmpa_dim=\dimen142
\g_tmpb_dim=\dimen143
\c_zero_skip=\skip47
\c_max_skip=\skip48
\l_tmpa_skip=\skip49
\l_tmpb_skip=\skip50
\g_tmpa_skip=\skip51
\g_tmpb_skip=\skip52
\c_zero_muskip=\muskip12
\c_max_muskip=\muskip13
\l_tmpa_muskip=\muskip14
\l_tmpb_muskip=\muskip15
\g_tmpa_muskip=\muskip16
\g_tmpb_muskip=\muskip17
L3 Module: l3keys 2015/11/17 v6284 L3 Key-value interfaces
\g__keyval_level_int=\count133
\l_keys_choice_int=\count134
L3 Module: l3fp 2015/08/25 v5890 L3 Floating points
\c__fp_leading_shift_int=\count135
\c__fp_middle_shift_int=\count136
\c__fp_trailing_shift_int=\count137
\c__fp_big_leading_shift_int=\count138
\c__fp_big_middle_shift_int=\count139
\c__fp_big_trailing_shift_int=\count140
\c__fp_Bigg_leading_shift_int=\count141
\c__fp_Bigg_middle_shift_int=\count142
\c__fp_Bigg_trailing_shift_int=\count143
L3 Module: l3box 2015/08/09 v5822 L3 Experimental boxes
\c_empty_box=\box32
\l_tmpa_box=\box33
\l_tmpb_box=\box34
\g_tmpa_box=\box35
\g_tmpb_box=\box36
L3 Module: l3coffins 2015/08/06 v5789 L3 Coffin code layer
\l__coffin_internal_box=\box37
\l__coffin_internal_dim=\dimen144
\l__coffin_offset_x_dim=\dimen145
\l__coffin_offset_y_dim=\dimen146
\l__coffin_x_dim=\dimen147
\l__coffin_y_dim=\dimen148
\l__coffin_x_prime_dim=\dimen149
\l__coffin_y_prime_dim=\dimen150
\c_empty_coffin=\box38
\l__coffin_aligned_coffin=\box39
\l__coffin_aligned_internal_coffin=\box40
\l_tmpa_coffin=\box41
\l_tmpb_coffin=\box42
\l__coffin_display_coffin=\box43
\l__coffin_display_coord_coffin=\box44
\l__coffin_display_pole_coffin=\box45
\l__coffin_display_offset_dim=\dimen151
\l__coffin_display_x_dim=\dimen152
\l__coffin_display_y_dim=\dimen153
L3 Module: l3color 2014/08/23 v5354 L3 Experimental color support
L3 Module: l3sys 2015/09/25 v6087 L3 Experimental system/runtime functions
L3 Module: l3candidates 2016/01/14 v6376 L3 Experimental additions to l3kernel
\l__box_top_dim=\dimen154
\l__box_bottom_dim=\dimen155
\l__box_left_dim=\dimen156
\l__box_right_dim=\dimen157
\l__box_top_new_dim=\dimen158
\l__box_bottom_new_dim=\dimen159
\l__box_left_new_dim=\dimen160
\l__box_right_new_dim=\dimen161
\l__box_internal_box=\box46
\l__coffin_bounding_shift_dim=\dimen162
\l__coffin_left_corner_dim=\dimen163
\l__coffin_right_corner_dim=\dimen164
\l__coffin_bottom_corner_dim=\dimen165
\l__coffin_top_corner_dim=\dimen166
\l__coffin_scaled_total_height_dim=\dimen167
\l__coffin_scaled_width_dim=\dimen168
L3 Module: l3luatex 2015/11/11 v6250 L3 Experimental LuaTeX-specific functions
) (/usr/share/texlive/texmf-dist/tex/latex/l3kernel/l3pdfmode.def
File: l3pdfmode.def 2015/11/11 v6250 L3 Experimental driver: PDF mode
\l__driver_color_stack_int=\count144
)) (/usr/share/texlive/texmf-dist/tex/latex/l3packages/xparse/xparse.sty
Package: xparse 2016/01/19 v6377 L3 Experimental document command parser
\l__xparse_current_arg_int=\count145
\l__xparse_m_args_int=\count146
\l__xparse_mandatory_args_int=\count147
\l__xparse_processor_int=\count148
\l__xparse_v_nesting_int=\count149
)
Package: siunitx 2016/03/01 v2.6q A comprehensive (SI) units package
 (/usr/share/texlive/texmf-dist/tex/latex/tools/array.sty
Package: array 2014/10/28 v2.4c Tabular extension package (FMi)
\col@sep=\dimen169
\extrarowheight=\dimen170
\NC@list=\toks24
\extratabsurround=\skip53
\backup@length=\skip54
) (/usr/share/texlive/texmf-dist/tex/latex/l3packages/l3keys2e/l3keys2e.sty
Package: l3keys2e 2016/01/19 v6377 LaTeX2e option processing using LaTeX3 keys
)
\l__siunitx_tmp_box=\box47
\l__siunitx_tmp_dim=\dimen171
\l__siunitx_tmp_int=\count150
\l__siunitx_number_mantissa_length_int=\count151
\l__siunitx_number_uncert_length_int=\count152
\l__siunitx_round_int=\count153
\l__siunitx_process_decimal_int=\count154
\l__siunitx_process_uncertainty_int=\count155
\l__siunitx_process_fixed_int=\count156
\l__siunitx_process_integer_min_int=\count157
\l__siunitx_process_precision_int=\count158
\l__siunitx_group_min_int=\count159
\l__siunitx_angle_marker_box=\box48
\l__siunitx_angle_unit_box=\box49
\l__siunitx_angle_marker_dim=\dimen172
\l__siunitx_angle_unit_dim=\dimen173
\l__siunitx_unit_int=\count160
\l__siunitx_unit_denominator_int=\count161
\l__siunitx_unit_numerator_int=\count162
\l__siunitx_unit_prefix_int=\count163
\l__siunitx_unit_prefix_base_int=\count164
\l__siunitx_unit_prefix_gram_int=\count165
\l__siunitx_number_product_int=\count166
\c__siunitx_one_fill_skip=\skip55
\l__siunitx_table_unit_align_skip=\skip56
\l__siunitx_table_exponent_dim=\dimen174
\l__siunitx_table_integer_dim=\dimen175
\l__siunitx_table_mantissa_dim=\dimen176
\l__siunitx_table_marker_dim=\dimen177
\l__siunitx_table_result_dim=\dimen178
\l__siunitx_table_uncert_dim=\dimen179
\l__siunitx_table_fill_pre_dim=\dimen180
\l__siunitx_table_fill_post_dim=\dimen181
\l__siunitx_table_fill_mid_dim=\dimen182
\l__siunitx_table_pre_box=\box50
\l__siunitx_table_post_box=\box51
\l__siunitx_table_mantissa_box=\box52
\l__siunitx_table_result_box=\box53
\l__siunitx_table_number_align_skip=\skip57
\l__siunitx_table_text_align_skip=\skip58
.................................................
. LaTeX info: "xparse/define-command"
. 
. Defining command \DeclareBinaryPrefix with sig. 'mmm' on line 7218.
.................................................
.................................................
. LaTeX info: "xparse/define-command"
. 
. Defining command \DeclareSIPostPower with sig. 'mm' on line 7221.
.................................................
.................................................
. LaTeX info: "xparse/define-command"
. 
. Defining command \DeclareSIPrefix with sig. 'mmm' on line 7224.
.................................................
.................................................
. LaTeX info: "xparse/define-command"
. 
. Defining command \DeclareSIPrePower with sig. 'mm' on line 7227.
.................................................
.................................................
. LaTeX info: "xparse/define-command"
. 
. Defining command \DeclareSIQualifier with sig. 'mm' on line 7230.
.................................................
.................................................
. LaTeX info: "xparse/define-command"
. 
. Defining command \DeclareSIUnit with sig. 'O{}mm' on line 7233.
.................................................
.................................................
. LaTeX info: "xparse/define-command"
. 
. Defining command \DeclareSIUnitWithOptions with sig. 'mmm' on line 7236.
.................................................
.................................................
. LaTeX info: "xparse/define-command"
. 
. Defining command \ang with sig. 'o>{\SplitArgument {2}{;}}m' on line 7251.
.................................................
.................................................
. LaTeX info: "xparse/define-command"
. 
. Defining command \num with sig. 'om' on line 7260.
.................................................
.................................................
. LaTeX info: "xparse/define-command"
. 
. Defining command \numlist with sig. 'o>{\SplitList {;}}m' on line 7269.
.................................................
.................................................
. LaTeX info: "xparse/define-command"
. 
. Defining command \numrange with sig. 'omm' on line 7278.
.................................................
.................................................
. LaTeX info: "xparse/define-command"
. 
. Defining command \SIlist with sig. 'o>{\SplitList {;}}mm' on line 7290.
.................................................
.................................................
. LaTeX info: "xparse/define-command"
. 
. Defining command \SIrange with sig. 'ommm' on line 7302.
.................................................
.................................................
. LaTeX info: "xparse/define-command"
. 
. Defining command \SI with sig. 'omom' on line 7314.
.................................................
.................................................
. LaTeX info: "xparse/define-command"
. 
. Defining command \sisetup with sig. 'm' on line 7317.
.................................................
.................................................
. LaTeX info: "xparse/define-command"
. 
. Defining command \tablenum with sig. 'om' on line 7332.
.................................................
.................................................
. LaTeX info: "xparse/define-command"
. 
. Defining command \si with sig. 'om' on line 7344.
.................................................
.................................................
. LaTeX info: "xparse/define-command"
. 
. Defining command \__siunitx_bookmark_num:w with sig. 'om' on line 7391.
.................................................
.................................................
. LaTeX info: "xparse/define-command"
. 
. Defining command \__siunitx_bookmark_numrange:w with sig. 'omm' on line
. 7393.
.................................................
.................................................
. LaTeX info: "xparse/define-command"
. 
. Defining command \__siunitx_bookmark_SI:w with sig. 'omom' on line 7395.
.................................................
.................................................
. LaTeX info: "xparse/define-command"
. 
. Defining command \__siunitx_bookmark_SIlist:w with sig. 'omm' on line 7397.
.................................................
.................................................
. LaTeX info: "xparse/define-command"
. 
. Defining command \__siunitx_bookmark_SIrange:w with sig. 'ommm' on line
. 7399.
.................................................
.................................................
. LaTeX info: "xparse/define-command"
. 
. Defining command \__siunitx_bookmark_si:w with sig. 'om' on line 7400.
.................................................
\g__file_internal_ior=\read2
 (/usr/share/texlive/texmf-dist/tex/latex/beamer/translator/translator.sty
Package: translator 2010/06/12 ver 1.10
 (/usr/share/texlive/texmf-dist/tex/latex/beamer/translator/translator-language-mappings.tex))) (/usr/share/texlive/texmf-dist/tex/latex/caption/subcaption.sty
Package: subcaption 2016/02/20 v1.1-142 Sub-captions (AR)
 (/usr/share/texlive/texmf-dist/tex/latex/caption/caption.sty
Package: caption 2016/02/21 v3.3-144 Customizing captions (AR)
 (/usr/share/texlive/texmf-dist/tex/latex/caption/caption3.sty
Package: caption3 2016/02/04 v1.7-139 caption3 kernel (AR)
Package caption3 Info: TeX engine: e-TeX on input line 67.
\captionmargin=\dimen183
\captionmargin@=\dimen184
\captionwidth=\dimen185
\caption@tempdima=\dimen186
\caption@indent=\dimen187
\caption@parindent=\dimen188
\caption@hangindent=\dimen189
)
\c@ContinuedFloat=\count167
Package caption Info: float package is loaded.
Package caption Info: hyperref package is loaded.
Package caption Info: listings package is loaded.
)
\c@subfigure=\count168
\c@subtable=\count169
) (/home/huaraz2/Desktop/multivarite/Project/report.aux)
\openout1 = `report.aux'.

LaTeX Font Info:    Checking defaults for OML/cmm/m/it on input line 18.
LaTeX Font Info:    ... okay on input line 18.
LaTeX Font Info:    Checking defaults for T1/cmr/m/n on input line 18.
LaTeX Font Info:    ... okay on input line 18.
LaTeX Font Info:    Checking defaults for OT1/cmr/m/n on input line 18.
LaTeX Font Info:    ... okay on input line 18.
LaTeX Font Info:    Checking defaults for OMS/cmsy/m/n on input line 18.
LaTeX Font Info:    ... okay on input line 18.
LaTeX Font Info:    Checking defaults for OMX/cmex/m/n on input line 18.
LaTeX Font Info:    ... okay on input line 18.
LaTeX Font Info:    Checking defaults for U/cmr/m/n on input line 18.
LaTeX Font Info:    ... okay on input line 18.
LaTeX Font Info:    Checking defaults for PD1/pdf/m/n on input line 18.
LaTeX Font Info:    ... okay on input line 18.

*geometry* driver: auto-detecting
*geometry* detected driver: pdftex
*geometry* verbose mode - [ preamble ] result:
* driver: pdftex
* paper: a4paper
* layout: <same size as paper>
* layoutoffset:(h,v)=(0.0pt,0.0pt)
* modes: 
* h-part:(L,W,R)=(48.36958pt, 500.7687pt, 48.36958pt)
* v-part:(T,H,B)=(48.36958pt, 725.54538pt, 71.13188pt)
* \paperwidth=597.50787pt
* \paperheight=845.04684pt
* \textwidth=500.7687pt
* \textheight=725.54538pt
* \oddsidemargin=-23.9004pt
* \evensidemargin=-23.9004pt
* \topmargin=-60.9004pt
* \headheight=12.0pt
* \headsep=25.0pt
* \topskip=10.0pt
* \footskip=30.0pt
* \marginparwidth=57.0pt
* \marginparsep=11.0pt
* \columnsep=10.0pt
* \skip\footins=9.0pt plus 4.0pt minus 2.0pt
* \hoffset=0.0pt
* \voffset=0.0pt
* \mag=1000
* \@twocolumnfalse
* \@twosidefalse
* \@mparswitchfalse
* \@reversemarginfalse
* (1in=72.27pt=25.4mm, 1cm=28.453pt)

(/usr/share/texlive/texmf-dist/tex/context/base/supp-pdf.mkii
[Loading MPS to PDF converter (version 2006.09.02).]
\scratchcounter=\count170
\scratchdimen=\dimen190
\scratchbox=\box54
\nofMPsegments=\count171
\nofMParguments=\count172
\everyMPshowfont=\toks25
\MPscratchCnt=\count173
\MPscratchDim=\dimen191
\MPnumerator=\count174
\makeMPintoPDFobject=\count175
\everyMPtoPDFconversion=\toks26
) (/usr/share/texlive/texmf-dist/tex/latex/oberdiek/epstopdf-base.sty
Package: epstopdf-base 2010/02/09 v2.5 Base part for package epstopdf
 (/usr/share/texlive/texmf-dist/tex/latex/oberdiek/grfext.sty
Package: grfext 2010/08/19 v1.1 Manage graphics extensions (HO)
)
Package grfext Info: Graphics extension search list:
(grfext)             [.png,.pdf,.jpg,.mps,.jpeg,.jbig2,.jb2,.PNG,.PDF,.JPG,.JPEG,.JBIG2,.JB2,.eps]
(grfext)             \AppendGraphicsExtensions on input line 452.
 (/usr/share/texlive/texmf-dist/tex/latex/latexconfig/epstopdf-sys.cfg
File: epstopdf-sys.cfg 2010/07/13 v1.3 Configuration of (r)epstopdf for TeX Live
))
\AtBeginShipoutBox=\box55
Package hyperref Info: Link coloring OFF on input line 18.
 (/usr/share/texlive/texmf-dist/tex/latex/hyperref/nameref.sty
Package: nameref 2012/10/27 v2.43 Cross-referencing by name of section
 (/usr/share/texlive/texmf-dist/tex/generic/oberdiek/gettitlestring.sty
Package: gettitlestring 2010/12/03 v1.4 Cleanup title references (HO)
)
\c@section@level=\count176
)
LaTeX Info: Redefining \ref on input line 18.
LaTeX Info: Redefining \pageref on input line 18.
LaTeX Info: Redefining \nameref on input line 18.
 (/home/huaraz2/Desktop/multivarite/Project/report.out) (/home/huaraz2/Desktop/multivarite/Project/report.out)
\@outlinefile=\write3
\openout3 = `report.out'.

\c@lstlisting=\count177
 (/usr/share/texlive/texmf-dist/tex/latex/beamer/translator/dicts/translator-basic-dictionary/translator-basic-dictionary-English.dict
Dictionary: translator-basic-dictionary, Language: English 
) (/usr/share/texlive/texmf-dist/tex/latex/siunitx/siunitx-abbreviations.cfg
File: siunitx-abbreviations.cfg 2016/03/01 v2.6q siunitx: Abbreviated units
)
Package caption Info: Begin \AtBeginDocument code.
Package caption Info: End \AtBeginDocument code.
\c__siunitx_mathsf_int=\count178
LaTeX Font Info:    Try loading font information for U+msa on input line 18.
 (/usr/share/texlive/texmf-dist/tex/latex/amsfonts/umsa.fd
File: umsa.fd 2013/01/14 v3.01 AMS symbols A
)
LaTeX Font Info:    Try loading font information for U+msb on input line 18.
 (/usr/share/texlive/texmf-dist/tex/latex/amsfonts/umsb.fd
File: umsb.fd 2013/01/14 v3.01 AMS symbols B
)
\c__siunitx_mathtt_int=\count179


LaTeX Warning: No \author given.


Underfull \hbox (badness 10000) in paragraph at lines 29--30

 []

LaTeX Font Info:    Try loading font information for OMS+cmr on input line 55.
(/usr/share/texlive/texmf-dist/tex/latex/base/omscmr.fd
File: omscmr.fd 2014/09/29 v2.5h Standard LaTeX font definitions
)
LaTeX Font Info:    Font shape `OMS/cmr/m/n' in size <10> not available
(Font)              Font shape `OMS/cmsy/m/n' tried instead on input line 55.
LaTeX Font Info:    Font shape `OMS/cmr/bx/n' in size <10> not available
(Font)              Font shape `OMS/cmsy/b/n' tried instead on input line 66.
 [1

{/var/lib/texmf/fonts/map/pdftex/updmap/pdftex.map}]
Package hyperref Info: bookmark level for unknown lstlisting defaults to 0 on input line 71.
 (/home/huaraz2/Desktop/multivarite/Project/intro files/Intcormatrix.txt)

LaTeX Warning: File `intro files/intplot2.png' not found on input line 79.

<intro files/intplot2.png, id=93, 481.8pt x 481.8pt>
File: intro files/intplot2.png Graphic file (type png)
 <use intro files/intplot2.png>
Package pdftex.def Info: intro files/intplot2.png used on input line 79.
(pdftex.def)             Requested size: 341.43306pt x 341.4408pt.
 [2]

LaTeX Warning: File `intro files/intplot3.png' not found on input line 90.

<intro files/intplot3.png, id=135, 481.8pt x 481.8pt>
File: intro files/intplot3.png Graphic file (type png)
 <use intro files/intplot3.png>
Package pdftex.def Info: intro files/intplot3.png used on input line 90.
(pdftex.def)             Requested size: 341.43306pt x 341.4408pt.
 [3 </home/huaraz2/Desktop/multivarite/Project/intro files/intplot2.png>]

LaTeX Warning: File `intro files/intplot4.png' not found on input line 97.

<intro files/intplot4.png, id=142, 481.8pt x 481.8pt>
File: intro files/intplot4.png Graphic file (type png)
 <use intro files/intplot4.png>
Package pdftex.def Info: intro files/intplot4.png used on input line 97.
(pdftex.def)             Requested size: 341.43306pt x 341.4408pt.
 [4 </home/huaraz2/Desktop/multivarite/Project/intro files/intplot3.png (PNG copy)>]

LaTeX Warning: File `intro files/intplot5.png' not found on input line 104.

<intro files/intplot5.png, id=148, 481.8pt x 481.8pt>
File: intro files/intplot5.png Graphic file (type png)
 <use intro files/intplot5.png>
Package pdftex.def Info: intro files/intplot5.png used on input line 104.
(pdftex.def)             Requested size: 341.43306pt x 341.4408pt.
 [5 </home/huaraz2/Desktop/multivarite/Project/intro files/intplot4.png>] [6 </home/huaraz2/Desktop/multivarite/Project/intro files/intplot5.png (PNG copy)>]
Underfull \hbox (badness 10000) in paragraph at lines 148--153

 []

[7] (/home/huaraz2/Desktop/multivarite/Project/Q1 txt files/box1.txt
LaTeX Font Info:    Try loading font information for OML+cmr on input line 5.
 (/usr/share/texlive/texmf-dist/tex/latex/base/omlcmr.fd
File: omlcmr.fd 2014/09/29 v2.5h Standard LaTeX font definitions
)
LaTeX Font Info:    Font shape `OML/cmr/m/n' in size <10> not available
(Font)              Font shape `OML/cmm/m/it' tried instead on input line 5.
)
Underfull \hbox (badness 10000) in paragraph at lines 163--168

 []

(/home/huaraz2/Desktop/multivarite/Project/Q1 txt files/box2.txt)
Underfull \hbox (badness 10000) in paragraph at lines 170--175

 []

(/home/huaraz2/Desktop/multivarite/Project/Q1 txt files/box3.txt)
Underfull \hbox (badness 10000) in paragraph at lines 177--182

 []

(/home/huaraz2/Desktop/multivarite/Project/Q1 txt files/box4.txt)
Underfull \hbox (badness 10000) in paragraph at lines 184--189

 []

[8] (/home/huaraz2/Desktop/multivarite/Project/Q1 txt files/box5.txt)
Underfull \hbox (badness 10000) in paragraph at lines 193--198

 []

(/home/huaraz2/Desktop/multivarite/Project/Q1 txt files/Q1-Maovjames.txt)
Underfull \hbox (badness 10000) in paragraph at lines 206--212

 []

[9] (/home/huaraz2/Desktop/multivarite/Project/Q1 txt files/Q1-james1.txt)
Underfull \hbox (badness 10000) in paragraph at lines 222--223

 []

(/home/huaraz2/Desktop/multivarite/Project/Q1 txt files/Q1-james2.txt)
Underfull \hbox (badness 10000) in paragraph at lines 226--227

 []

(/home/huaraz2/Desktop/multivarite/Project/Q1 txt files/Q1-james3.txt)
Underfull \hbox (badness 10000) in paragraph at lines 232--233

 []

[10] (/home/huaraz2/Desktop/multivarite/Project/Q2_output/Q2_1.txt) [11] (/home/huaraz2/Desktop/multivarite/Project/Q2_output/Q2_2_1.txt
Missing character: There is no â in font cmr10!
Missing character: There is no € in font cmr10!
Missing character: There is no ˜ in font cmr10!
Missing character: There is no â in font cmr10!
Missing character: There is no € in font cmr10!
Missing character: There is no ™ in font cmr10!
Missing character: There is no â in font cmr10!
Missing character: There is no € in font cmr10!
Missing character: There is no ˜ in font cmr10!
Missing character: There is no â in font cmr10!
Missing character: There is no € in font cmr10!
Missing character: There is no ™ in font cmr10!
Missing character: There is no â in font cmr10!
Missing character: There is no € in font cmr10!
Missing character: There is no ˜ in font cmr10!
Missing character: There is no â in font cmr10!
Missing character: There is no € in font cmr10!
Missing character: There is no ™ in font cmr10!
Missing character: There is no â in font cmr10!
Missing character: There is no € in font cmr10!
Missing character: There is no ˜ in font cmr10!
Missing character: There is no â in font cmr10!
Missing character: There is no € in font cmr10!
Missing character: There is no ™ in font cmr10!
Missing character: There is no â in font cmr10!
Missing character: There is no € in font cmr10!
Missing character: There is no ˜ in font cmr10!
Missing character: There is no â in font cmr10!
Missing character: There is no € in font cmr10!
Missing character: There is no ™ in font cmr10!
) [12] (/home/huaraz2/Desktop/multivarite/Project/Q2_output/Q2_2_2.txt
Missing character: There is no â in font cmr10!
Missing character: There is no € in font cmr10!
Missing character: There is no ˜ in font cmr10!
Missing character: There is no â in font cmr10!
Missing character: There is no € in font cmr10!
Missing character: There is no ™ in font cmr10!
Missing character: There is no â in font cmr10!
Missing character: There is no € in font cmr10!
Missing character: There is no ˜ in font cmr10!
Missing character: There is no â in font cmr10!
Missing character: There is no € in font cmr10!
Missing character: There is no ™ in font cmr10!
Missing character: There is no â in font cmr10!
Missing character: There is no € in font cmr10!
Missing character: There is no ˜ in font cmr10!
Missing character: There is no â in font cmr10!
Missing character: There is no € in font cmr10!
Missing character: There is no ™ in font cmr10!
Missing character: There is no â in font cmr10!
Missing character: There is no € in font cmr10!
Missing character: There is no ˜ in font cmr10!
Missing character: There is no â in font cmr10!
Missing character: There is no € in font cmr10!
Missing character: There is no ™ in font cmr10!
Missing character: There is no â in font cmr10!
Missing character: There is no € in font cmr10!
Missing character: There is no ˜ in font cmr10!
Missing character: There is no â in font cmr10!
Missing character: There is no € in font cmr10!
Missing character: There is no ™ in font cmr10!
) [13] (/home/huaraz2/Desktop/multivarite/Project/Q2_output/Q2_2_3.txt
Missing character: There is no â in font cmr10!
Missing character: There is no € in font cmr10!
Missing character: There is no ˜ in font cmr10!
Missing character: There is no â in font cmr10!
Missing character: There is no € in font cmr10!
Missing character: There is no ™ in font cmr10!
Missing character: There is no â in font cmr10!
Missing character: There is no € in font cmr10!
Missing character: There is no ˜ in font cmr10!
Missing character: There is no â in font cmr10!
Missing character: There is no € in font cmr10!
Missing character: There is no ™ in font cmr10!
Missing character: There is no â in font cmr10!
Missing character: There is no € in font cmr10!
Missing character: There is no ˜ in font cmr10!
Missing character: There is no â in font cmr10!
Missing character: There is no € in font cmr10!
Missing character: There is no ™ in font cmr10!
Missing character: There is no â in font cmr10!
Missing character: There is no € in font cmr10!
Missing character: There is no ˜ in font cmr10!
Missing character: There is no â in font cmr10!
Missing character: There is no € in font cmr10!
Missing character: There is no ™ in font cmr10!
Missing character: There is no â in font cmr10!
Missing character: There is no € in font cmr10!
Missing character: There is no ˜ in font cmr10!
Missing character: There is no â in font cmr10!
Missing character: There is no € in font cmr10!
Missing character: There is no ™ in font cmr10!
) [14] (/home/huaraz2/Desktop/multivarite/Project/Q2_output/Q2_2_4.txt
Missing character: There is no â in font cmr10!
Missing character: There is no € in font cmr10!
Missing character: There is no ˜ in font cmr10!
Missing character: There is no â in font cmr10!
Missing character: There is no € in font cmr10!
Missing character: There is no ™ in font cmr10!
Missing character: There is no â in font cmr10!
Missing character: There is no € in font cmr10!
Missing character: There is no ˜ in font cmr10!
Missing character: There is no â in font cmr10!
Missing character: There is no € in font cmr10!
Missing character: There is no ™ in font cmr10!
Missing character: There is no â in font cmr10!
Missing character: There is no € in font cmr10!
Missing character: There is no ˜ in font cmr10!
Missing character: There is no â in font cmr10!
Missing character: There is no € in font cmr10!
Missing character: There is no ™ in font cmr10!
Missing character: There is no â in font cmr10!
Missing character: There is no € in font cmr10!
Missing character: There is no ˜ in font cmr10!
Missing character: There is no â in font cmr10!
Missing character: There is no € in font cmr10!
Missing character: There is no ™ in font cmr10!
Missing character: There is no â in font cmr10!
Missing character: There is no € in font cmr10!
Missing character: There is no ˜ in font cmr10!
Missing character: There is no â in font cmr10!
Missing character: There is no € in font cmr10!
Missing character: There is no ™ in font cmr10!
) [15] (/home/huaraz2/Desktop/multivarite/Project/Q2_output/Q2_2_5.txt
Missing character: There is no â in font cmr10!
Missing character: There is no € in font cmr10!
Missing character: There is no ˜ in font cmr10!
Missing character: There is no â in font cmr10!
Missing character: There is no € in font cmr10!
Missing character: There is no ™ in font cmr10!
Missing character: There is no â in font cmr10!
Missing character: There is no € in font cmr10!
Missing character: There is no ˜ in font cmr10!
Missing character: There is no â in font cmr10!
Missing character: There is no € in font cmr10!
Missing character: There is no ™ in font cmr10!
Missing character: There is no â in font cmr10!
Missing character: There is no € in font cmr10!
Missing character: There is no ˜ in font cmr10!
Missing character: There is no â in font cmr10!
Missing character: There is no € in font cmr10!
Missing character: There is no ™ in font cmr10!
Missing character: There is no â in font cmr10!
Missing character: There is no € in font cmr10!
Missing character: There is no ˜ in font cmr10!
Missing character: There is no â in font cmr10!
Missing character: There is no € in font cmr10!
Missing character: There is no ™ in font cmr10!
Missing character: There is no â in font cmr10!
Missing character: There is no € in font cmr10!
Missing character: There is no ˜ in font cmr10!
Missing character: There is no â in font cmr10!
Missing character: There is no € in font cmr10!
Missing character: There is no ™ in font cmr10!
) [16] (/home/huaraz2/Desktop/multivarite/Project/Q2_output/Q2_2_6.txt
Missing character: There is no â in font cmr10!
Missing character: There is no € in font cmr10!
Missing character: There is no ˜ in font cmr10!
Missing character: There is no â in font cmr10!
Missing character: There is no € in font cmr10!
Missing character: There is no ™ in font cmr10!
Missing character: There is no â in font cmr10!
Missing character: There is no € in font cmr10!
Missing character: There is no ˜ in font cmr10!
Missing character: There is no â in font cmr10!
Missing character: There is no € in font cmr10!
Missing character: There is no ™ in font cmr10!
Missing character: There is no â in font cmr10!
Missing character: There is no € in font cmr10!
Missing character: There is no ˜ in font cmr10!
Missing character: There is no â in font cmr10!
Missing character: There is no € in font cmr10!
Missing character: There is no ™ in font cmr10!
Missing character: There is no â in font cmr10!
Missing character: There is no € in font cmr10!
Missing character: There is no ˜ in font cmr10!
Missing character: There is no â in font cmr10!
Missing character: There is no € in font cmr10!
Missing character: There is no ™ in font cmr10!
Missing character: There is no â in font cmr10!
Missing character: There is no € in font cmr10!
Missing character: There is no ˜ in font cmr10!
Missing character: There is no â in font cmr10!
Missing character: There is no € in font cmr10!
Missing character: There is no ™ in font cmr10!
) [17] (/home/huaraz2/Desktop/multivarite/Project/Q2_output/Q2_2_7.txt
Missing character: There is no â in font cmr10!
Missing character: There is no € in font cmr10!
Missing character: There is no ˜ in font cmr10!
Missing character: There is no â in font cmr10!
Missing character: There is no € in font cmr10!
Missing character: There is no ™ in font cmr10!
Missing character: There is no â in font cmr10!
Missing character: There is no € in font cmr10!
Missing character: There is no ˜ in font cmr10!
Missing character: There is no â in font cmr10!
Missing character: There is no € in font cmr10!
Missing character: There is no ™ in font cmr10!
Missing character: There is no â in font cmr10!
Missing character: There is no € in font cmr10!
Missing character: There is no ˜ in font cmr10!
Missing character: There is no â in font cmr10!
Missing character: There is no € in font cmr10!
Missing character: There is no ™ in font cmr10!
Missing character: There is no â in font cmr10!
Missing character: There is no € in font cmr10!
Missing character: There is no ˜ in font cmr10!
Missing character: There is no â in font cmr10!
Missing character: There is no € in font cmr10!
Missing character: There is no ™ in font cmr10!
Missing character: There is no â in font cmr10!
Missing character: There is no € in font cmr10!
Missing character: There is no ˜ in font cmr10!
Missing character: There is no â in font cmr10!
Missing character: There is no € in font cmr10!
Missing character: There is no ™ in font cmr10!
) [18] (/home/huaraz2/Desktop/multivarite/Project/Q2_output/Q2_2_8.txt
Missing character: There is no â in font cmr10!
Missing character: There is no € in font cmr10!
Missing character: There is no ˜ in font cmr10!
Missing character: There is no â in font cmr10!
Missing character: There is no € in font cmr10!
Missing character: There is no ™ in font cmr10!
Missing character: There is no â in font cmr10!
Missing character: There is no € in font cmr10!
Missing character: There is no ˜ in font cmr10!
Missing character: There is no â in font cmr10!
Missing character: There is no € in font cmr10!
Missing character: There is no ™ in font cmr10!
Missing character: There is no â in font cmr10!
Missing character: There is no € in font cmr10!
Missing character: There is no ˜ in font cmr10!
Missing character: There is no â in font cmr10!
Missing character: There is no € in font cmr10!
Missing character: There is no ™ in font cmr10!
Missing character: There is no â in font cmr10!
Missing character: There is no € in font cmr10!
Missing character: There is no ˜ in font cmr10!
Missing character: There is no â in font cmr10!
Missing character: There is no € in font cmr10!
Missing character: There is no ™ in font cmr10!
Missing character: There is no â in font cmr10!
Missing character: There is no € in font cmr10!
Missing character: There is no ˜ in font cmr10!
Missing character: There is no â in font cmr10!
Missing character: There is no € in font cmr10!
Missing character: There is no ™ in font cmr10!
) [19] (/home/huaraz2/Desktop/multivarite/Project/Q2_output/Q2_2_9.txt
Missing character: There is no â in font cmr10!
Missing character: There is no € in font cmr10!
Missing character: There is no ˜ in font cmr10!
Missing character: There is no â in font cmr10!
Missing character: There is no € in font cmr10!
Missing character: There is no ™ in font cmr10!
Missing character: There is no â in font cmr10!
Missing character: There is no € in font cmr10!
Missing character: There is no ˜ in font cmr10!
Missing character: There is no â in font cmr10!
Missing character: There is no € in font cmr10!
Missing character: There is no ™ in font cmr10!
Missing character: There is no â in font cmr10!
Missing character: There is no € in font cmr10!
Missing character: There is no ˜ in font cmr10!
Missing character: There is no â in font cmr10!
Missing character: There is no € in font cmr10!
Missing character: There is no ™ in font cmr10!
Missing character: There is no â in font cmr10!
Missing character: There is no € in font cmr10!
Missing character: There is no ˜ in font cmr10!
Missing character: There is no â in font cmr10!
Missing character: There is no € in font cmr10!
Missing character: There is no ™ in font cmr10!
Missing character: There is no â in font cmr10!
Missing character: There is no € in font cmr10!
Missing character: There is no ˜ in font cmr10!
Missing character: There is no â in font cmr10!
Missing character: There is no € in font cmr10!
Missing character: There is no ™ in font cmr10!
) [20] (/home/huaraz2/Desktop/multivarite/Project/Q2_output/Q2_2_10.txt
Missing character: There is no â in font cmr10!
Missing character: There is no € in font cmr10!
Missing character: There is no ˜ in font cmr10!
Missing character: There is no â in font cmr10!
Missing character: There is no € in font cmr10!
Missing character: There is no ™ in font cmr10!
Missing character: There is no â in font cmr10!
Missing character: There is no € in font cmr10!
Missing character: There is no ˜ in font cmr10!
Missing character: There is no â in font cmr10!
Missing character: There is no € in font cmr10!
Missing character: There is no ™ in font cmr10!
Missing character: There is no â in font cmr10!
Missing character: There is no € in font cmr10!
Missing character: There is no ˜ in font cmr10!
Missing character: There is no â in font cmr10!
Missing character: There is no € in font cmr10!
Missing character: There is no ™ in font cmr10!
Missing character: There is no â in font cmr10!
Missing character: There is no € in font cmr10!
Missing character: There is no ˜ in font cmr10!
Missing character: There is no â in font cmr10!
Missing character: There is no € in font cmr10!
Missing character: There is no ™ in font cmr10!
Missing character: There is no â in font cmr10!
Missing character: There is no € in font cmr10!
Missing character: There is no ˜ in font cmr10!
Missing character: There is no â in font cmr10!
Missing character: There is no € in font cmr10!
Missing character: There is no ™ in font cmr10!
) [21] (/home/huaraz2/Desktop/multivarite/Project/Q2_output/Q2_2_11.txt
Missing character: There is no â in font cmr10!
Missing character: There is no € in font cmr10!
Missing character: There is no ˜ in font cmr10!
Missing character: There is no â in font cmr10!
Missing character: There is no € in font cmr10!
Missing character: There is no ™ in font cmr10!
Missing character: There is no â in font cmr10!
Missing character: There is no € in font cmr10!
Missing character: There is no ˜ in font cmr10!
Missing character: There is no â in font cmr10!
Missing character: There is no € in font cmr10!
Missing character: There is no ™ in font cmr10!
Missing character: There is no â in font cmr10!
Missing character: There is no € in font cmr10!
Missing character: There is no ˜ in font cmr10!
Missing character: There is no â in font cmr10!
Missing character: There is no € in font cmr10!
Missing character: There is no ™ in font cmr10!
Missing character: There is no â in font cmr10!
Missing character: There is no € in font cmr10!
Missing character: There is no ˜ in font cmr10!
Missing character: There is no â in font cmr10!
Missing character: There is no € in font cmr10!
Missing character: There is no ™ in font cmr10!
Missing character: There is no â in font cmr10!
Missing character: There is no € in font cmr10!
Missing character: There is no ˜ in font cmr10!
Missing character: There is no â in font cmr10!
Missing character: There is no € in font cmr10!
Missing character: There is no ™ in font cmr10!
) (/home/huaraz2/Desktop/multivarite/Project/Q2_output/Q2_2_12.txt
Missing character: There is no â in font cmr10!
Missing character: There is no € in font cmr10!
Missing character: There is no ˜ in font cmr10!
Missing character: There is no â in font cmr10!
Missing character: There is no € in font cmr10!
Missing character: There is no ™ in font cmr10!
Missing character: There is no â in font cmr10!
Missing character: There is no € in font cmr10!
Missing character: There is no ˜ in font cmr10!
Missing character: There is no â in font cmr10!
Missing character: There is no € in font cmr10!
Missing character: There is no ™ in font cmr10!
Missing character: There is no â in font cmr10!
Missing character: There is no € in font cmr10!
Missing character: There is no ˜ in font cmr10!
Missing character: There is no â in font cmr10!
Missing character: There is no € in font cmr10!
Missing character: There is no ™ in font cmr10!
Missing character: There is no â in font cmr10!
Missing character: There is no € in font cmr10!
Missing character: There is no ˜ in font cmr10!
Missing character: There is no â in font cmr10!
Missing character: There is no € in font cmr10!
Missing character: There is no ™ in font cmr10!
Missing character: There is no â in font cmr10!
Missing character: There is no € in font cmr10!
Missing character: There is no ˜ in font cmr10!
Missing character: There is no â in font cmr10!
Missing character: There is no € in font cmr10!
Missing character: There is no ™ in font cmr10!
) [22] (/home/huaraz2/Desktop/multivarite/Project/question3output/clevif.txt)
Package epstopdf Info: Source file: <question3output/clescreeplot.eps>
(epstopdf)                    date: 2016-04-29 12:39:54
(epstopdf)                    size: 4954 bytes
(epstopdf)             Output file: <question3output/clescreeplot-eps-converted-to.pdf>
(epstopdf)                    date: 2016-04-29 12:45:57
(epstopdf)                    size: 12063 bytes
(epstopdf)             Command: <epstopdf --outfile=question3output/clescreeplot-eps-converted-to.pdf question3output/clescreeplot.eps>
(epstopdf)             \includegraphics on input line 396.
Package epstopdf Info: Output file is already uptodate.

<question3output/clescreeplot-eps-converted-to.pdf, id=689, 433.62pt x 289.08pt>
File: question3output/clescreeplot-eps-converted-to.pdf Graphic file (type pdf)
 <use question3output/clescreeplot-eps-converted-to.pdf>
Package pdftex.def Info: question3output/clescreeplot-eps-converted-to.pdf used on input line 396.
(pdftex.def)             Requested size: 341.43306pt x 227.63405pt.
 (/home/huaraz2/Desktop/multivarite/Project/question3output/clepcaloadings.txt [23 </home/huaraz2/Desktop/multivarite/Project/question3output/clescreeplot-eps-converted-to.pdf>]) [24] (/home/huaraz2/Desktop/multivarite/Project/question3output/hunvif.txt)
Package epstopdf Info: Source file: <question3output/hunscreeplot.eps>
(epstopdf)                    date: 2016-04-29 12:39:54
(epstopdf)                    size: 4999 bytes
(epstopdf)             Output file: <question3output/hunscreeplot-eps-converted-to.pdf>
(epstopdf)                    date: 2016-04-29 12:45:57
(epstopdf)                    size: 12066 bytes
(epstopdf)             Command: <epstopdf --outfile=question3output/hunscreeplot-eps-converted-to.pdf question3output/hunscreeplot.eps>
(epstopdf)             \includegraphics on input line 443.
Package epstopdf Info: Output file is already uptodate.
 <question3output/hunscreeplot-eps-converted-to.pdf, id=771, 433.62pt x 289.08pt>
File: question3output/hunscreeplot-eps-converted-to.pdf Graphic file (type pdf)
 <use question3output/hunscreeplot-eps-converted-to.pdf>
Package pdftex.def Info: question3output/hunscreeplot-eps-converted-to.pdf used on input line 443.
(pdftex.def)             Requested size: 341.43306pt x 227.63405pt.
 (/home/huaraz2/Desktop/multivarite/Project/question3output/hunpcaloadings.txt [25 </home/huaraz2/Desktop/multivarite/Project/question3output/hunscreeplot-eps-converted-to.pdf>]) (/home/huaraz2/Desktop/multivarite/Project/question3output/lonvif.txt)
Package epstopdf Info: Source file: <question3output/lonscreeplot.eps>
(epstopdf)                    date: 2016-04-29 12:39:55
(epstopdf)                    size: 5020 bytes
(epstopdf)             Output file: <question3output/lonscreeplot-eps-converted-to.pdf>
(epstopdf)                    date: 2016-04-29 12:45:57
(epstopdf)                    size: 12192 bytes
(epstopdf)             Command: <epstopdf --outfile=question3output/lonscreeplot-eps-converted-to.pdf question3output/lonscreeplot.eps>
(epstopdf)             \includegraphics on input line 489.
Package epstopdf Info: Output file is already uptodate.
 <question3output/lonscreeplot-eps-converted-to.pdf, id=816, 433.62pt x 289.08pt>
File: question3output/lonscreeplot-eps-converted-to.pdf Graphic file (type pdf)
 <use question3output/lonscreeplot-eps-converted-to.pdf>
Package pdftex.def Info: question3output/lonscreeplot-eps-converted-to.pdf used on input line 489.
(pdftex.def)             Requested size: 341.43306pt x 227.63405pt.
 [26] (/home/huaraz2/Desktop/multivarite/Project/question3output/lonpcaloadings.txt
[27 </home/huaraz2/Desktop/multivarite/Project/question3output/lonscreeplot-eps-converted-to.pdf>] [28]) (/home/huaraz2/Desktop/multivarite/Project/question3output/swivif.txt)
Package epstopdf Info: Source file: <question3output/swiscreeplot.eps>
(epstopdf)                    date: 2016-04-29 12:39:55
(epstopdf)                    size: 4769 bytes
(epstopdf)             Output file: <question3output/swiscreeplot-eps-converted-to.pdf>
(epstopdf)                    date: 2016-04-29 12:45:58
(epstopdf)                    size: 11971 bytes
(epstopdf)             Command: <epstopdf --outfile=question3output/swiscreeplot-eps-converted-to.pdf question3output/swiscreeplot.eps>
(epstopdf)             \includegraphics on input line 550.
Package epstopdf Info: Output file is already uptodate.
 <question3output/swiscreeplot-eps-converted-to.pdf, id=976, 433.62pt x 289.08pt>
File: question3output/swiscreeplot-eps-converted-to.pdf Graphic file (type pdf)
 <use question3output/swiscreeplot-eps-converted-to.pdf>
Package pdftex.def Info: question3output/swiscreeplot-eps-converted-to.pdf used on input line 550.
(pdftex.def)             Requested size: 341.43306pt x 227.63405pt.
 [29] (/home/huaraz2/Desktop/multivarite/Project/question3output/swipcaloadings.txt [30 </home/huaraz2/Desktop/multivarite/Project/question3output/swiscreeplot-eps-converted-to.pdf>]) [31] (/home/huaraz2/Desktop/multivarite/Project/Q4_output/q4-clev.txt [32]) <Q4_pics/Clev-Hist1.png, id=1122, 468.24937pt x 472.01344pt>
File: Q4_pics/Clev-Hist1.png Graphic file (type png)
 <use Q4_pics/Clev-Hist1.png>
Package pdftex.def Info: Q4_pics/Clev-Hist1.png used on input line 607.
(pdftex.def)             Requested size: 225.35016pt x 284.52827pt.
 <Q4_pics/Clev-Hist2.png, id=1123, 469.755pt x 464.4853pt>
File: Q4_pics/Clev-Hist2.png Graphic file (type png)
 <use Q4_pics/Clev-Hist2.png>
Package pdftex.def Info: Q4_pics/Clev-Hist2.png used on input line 611.
(pdftex.def)             Requested size: 225.34364pt x 284.5334pt.

Overfull \hbox (2.22221pt too wide) in paragraph at lines 605--613
[]$[]$ $[]$ 
 []

<Q4_pics/Clev-Hist3.png, id=1124, 465.23813pt x 462.22687pt>
File: Q4_pics/Clev-Hist3.png Graphic file (type png)
 <use Q4_pics/Clev-Hist3.png>
Package pdftex.def Info: Q4_pics/Clev-Hist3.png used on input line 616.
(pdftex.def)             Requested size: 225.34206pt x 284.52527pt.
 <Q4_pics/Clev-Hist4.png, id=1125, 470.50781pt x 463.7325pt>
File: Q4_pics/Clev-Hist4.png Graphic file (type png)
 <use Q4_pics/Clev-Hist4.png>
Package pdftex.def Info: Q4_pics/Clev-Hist4.png used on input line 620.
(pdftex.def)             Requested size: 225.3458pt x 284.53218pt.

Overfull \hbox (2.22221pt too wide) in paragraph at lines 614--622
[]$[]$ $[]$ 
 []

[33] [34 </home/huaraz2/Desktop/multivarite/Project/Q4_pics/Clev-Hist1.png> </home/huaraz2/Desktop/multivarite/Project/Q4_pics/Clev-Hist2.png> </home/huaraz2/Desktop/multivarite/Project/Q4_pics/Clev-Hist3.png> </home/huaraz2/Desktop/multivarite/Project/Q4_pics/Clev-Hist4.png>] (/home/huaraz2/Desktop/multivarite/Project/Q4_output/Q4-hung.txt [35]) <Q4_pics/Hung-Hist1.png, id=1244, 468.24937pt x 479.54156pt>
File: Q4_pics/Hung-Hist1.png Graphic file (type png)
 <use Q4_pics/Hung-Hist1.png>
Package pdftex.def Info: Q4_pics/Hung-Hist1.png used on input line 640.
(pdftex.def)             Requested size: 225.35016pt x 284.52954pt.
 <Q4_pics/Hung-Hist2.png, id=1245, 451.6875pt x 472.76625pt>
File: Q4_pics/Hung-Hist2.png Graphic file (type png)
 <use Q4_pics/Hung-Hist2.png>
Package pdftex.def Info: Q4_pics/Hung-Hist2.png used on input line 644.
(pdftex.def)             Requested size: 225.34695pt x 284.5348pt.

Overfull \hbox (2.22221pt too wide) in paragraph at lines 638--646
[]$[]$ $[]$ 
 []

<Q4_pics/Hung-Hist3.png, id=1246, 456.20438pt x 473.51906pt>
File: Q4_pics/Hung-Hist3.png Graphic file (type png)
 <use Q4_pics/Hung-Hist3.png>
Package pdftex.def Info: Q4_pics/Hung-Hist3.png used on input line 649.
(pdftex.def)             Requested size: 225.33806pt x 284.53268pt.
 <Q4_pics/Hung-Hist4.png, id=1247, 451.6875pt x 470.50781pt>
File: Q4_pics/Hung-Hist4.png Graphic file (type png)
 <use Q4_pics/Hung-Hist4.png>
Package pdftex.def Info: Q4_pics/Hung-Hist4.png used on input line 653.
(pdftex.def)             Requested size: 225.34695pt x 284.52528pt.

Overfull \hbox (2.22221pt too wide) in paragraph at lines 647--655
[]$[]$ $[]$ 
 []

[36] [37 </home/huaraz2/Desktop/multivarite/Project/Q4_pics/Hung-Hist1.png> </home/huaraz2/Desktop/multivarite/Project/Q4_pics/Hung-Hist2.png> </home/huaraz2/Desktop/multivarite/Project/Q4_pics/Hung-Hist3.png> </home/huaraz2/Desktop/multivarite/Project/Q4_pics/Hung-Hist4.png>] (/home/huaraz2/Desktop/multivarite/Project/Q4_output/Q4-long.txt [38]) <Q4_pics/Long-Hist1.png, id=1345, 465.99094pt x 470.50781pt>
File: Q4_pics/Long-Hist1.png Graphic file (type png)
 <use Q4_pics/Long-Hist1.png>
Package pdftex.def Info: Q4_pics/Long-Hist1.png used on input line 673.
(pdftex.def)             Requested size: 225.34406pt x 284.52528pt.
 <Q4_pics/Long-Hist2.png, id=1346, 467.49657pt x 484.05844pt>
File: Q4_pics/Long-Hist2.png Graphic file (type png)
 <use Q4_pics/Long-Hist2.png>
Package pdftex.def Info: Q4_pics/Long-Hist2.png used on input line 677.
(pdftex.def)             Requested size: 225.34454pt x 284.53578pt.

Overfull \hbox (2.22221pt too wide) in paragraph at lines 671--679
[]$[]$ $[]$ 
 []

<Q4_pics/Long-Hist3.png, id=1347, 464.4853pt x 475.7775pt>
File: Q4_pics/Long-Hist3.png Graphic file (type png)
 <use Q4_pics/Long-Hist3.png>
Package pdftex.def Info: Q4_pics/Long-Hist3.png used on input line 682.
(pdftex.def)             Requested size: 225.34598pt x 284.53944pt.
 <Q4_pics/Long-Hist4.png, id=1348, 472.01344pt x 463.7325pt>
File: Q4_pics/Long-Hist4.png Graphic file (type png)
 <use Q4_pics/Long-Hist4.png>
Package pdftex.def Info: Q4_pics/Long-Hist4.png used on input line 686.
(pdftex.def)             Requested size: 225.34668pt x 284.53218pt.

Overfull \hbox (2.22221pt too wide) in paragraph at lines 680--688
[]$[]$ $[]$ 
 []

[39] [40 </home/huaraz2/Desktop/multivarite/Project/Q4_pics/Long-Hist1.png> </home/huaraz2/Desktop/multivarite/Project/Q4_pics/Long-Hist2.png> </home/huaraz2/Desktop/multivarite/Project/Q4_pics/Long-Hist3.png> </home/huaraz2/Desktop/multivarite/Project/Q4_pics/Long-Hist4.png>] (/home/huaraz2/Desktop/multivarite/Project/Q4_output/Q4-swit.txt [41]) <Q4_pics/Swit-Hist1.png, id=1466, 469.755pt x 462.97969pt>
File: Q4_pics/Swit-Hist1.png Graphic file (type png)
 <use Q4_pics/Swit-Hist1.png>
Package pdftex.def Info: Q4_pics/Swit-Hist1.png used on input line 710.
(pdftex.def)             Requested size: 225.34364pt x 284.52946pt.
 <Q4_pics/Swit-Hist2.png, id=1467, 462.22687pt x 464.4853pt>
File: Q4_pics/Swit-Hist2.png Graphic file (type png)
 <use Q4_pics/Swit-Hist2.png>
Package pdftex.def Info: Q4_pics/Swit-Hist2.png used on input line 714.
(pdftex.def)             Requested size: 225.3435pt x 284.5334pt.

Overfull \hbox (2.22221pt too wide) in paragraph at lines 708--716
[]$[]$ $[]$ 
 []

<Q4_pics/Swit-Hist3.png, id=1468, 462.97969pt x 465.99094pt>
File: Q4_pics/Swit-Hist3.png Graphic file (type png)
 <use Q4_pics/Swit-Hist3.png>
Package pdftex.def Info: Q4_pics/Swit-Hist3.png used on input line 719.
(pdftex.def)             Requested size: 225.34315pt x 284.53847pt.
 <Q4_pics/Swit-Hist4.png, id=1469, 459.21562pt x 468.24937pt>
File: Q4_pics/Swit-Hist4.png Graphic file (type png)
 <use Q4_pics/Swit-Hist4.png>
Package pdftex.def Info: Q4_pics/Swit-Hist4.png used on input line 723.
(pdftex.def)             Requested size: 225.34695pt x 284.53851pt.

Overfull \hbox (2.22221pt too wide) in paragraph at lines 717--725
[]$[]$ $[]$ 
 []

[42] [43 </home/huaraz2/Desktop/multivarite/Project/Q4_pics/Swit-Hist1.png> </home/huaraz2/Desktop/multivarite/Project/Q4_pics/Swit-Hist2.png> </home/huaraz2/Desktop/multivarite/Project/Q4_pics/Swit-Hist3.png> </home/huaraz2/Desktop/multivarite/Project/Q4_pics/Swit-Hist4.png>]
Package atveryend Info: Empty hook `BeforeClearDocument' on input line 743.
 [44]
Package atveryend Info: Empty hook `AfterLastShipout' on input line 743.
 (/home/huaraz2/Desktop/multivarite/Project/report.aux)
Package atveryend Info: Executing hook `AtVeryEndDocument' on input line 743.
Package atveryend Info: Executing hook `AtEndAfterFileList' on input line 743.
Package rerunfilecheck Info: File `report.out' has not changed.
(rerunfilecheck)             Checksum: A8F49F776853D2E1FDFFFE3274DAD3C4;1175.
Package atveryend Info: Empty hook `AtVeryVeryEnd' on input line 743.
 ) 
Here is how much of TeX's memory you used:
 19593 strings out of 494953
 370184 string characters out of 6180977
 498128 words of memory out of 5000000
 21379 multiletter control sequences out of 15000+600000
 15583 words of font info for 61 fonts, out of 8000000 for 9000
 14 hyphenation exceptions out of 8191
 42i,7n,43p,10380b,2023s stack positions out of 5000i,500n,10000p,200000b,80000s
</usr/share/texlive/texmf-dist/fonts/type1/public/amsfonts/cm/cmbsy10.pfb></usr/share/texlive/texmf-dist/fonts/type1/public/amsfonts/cm/cmbx10.pfb></usr/share/texlive/texmf-dist/fonts/type1/public/amsfonts/cm/cmbx12.pfb></usr/share/texlive/texmf-dist/fonts/type1/public/amsfonts/cm/cmbxti10.pfb></usr/share/texlive/texmf-dist/fonts/type1/public/amsfonts/cm/cmmi10.pfb></usr/share/texlive/texmf-dist/fonts/type1/public/amsfonts/cm/cmmi5.pfb></usr/share/texlive/texmf-dist/fonts/type1/public/amsfonts/cm/cmmi7.pfb></usr/share/texlive/texmf-dist/fonts/type1/public/amsfonts/cm/cmr10.pfb></usr/share/texlive/texmf-dist/fonts/type1/public/amsfonts/cm/cmr12.pfb></usr/share/texlive/texmf-dist/fonts/type1/public/amsfonts/cm/cmr17.pfb></usr/share/texlive/texmf-dist/fonts/type1/public/amsfonts/cm/cmr5.pfb></usr/share/texlive/texmf-dist/fonts/type1/public/amsfonts/cm/cmr7.pfb></usr/share/texlive/texmf-dist/fonts/type1/public/amsfonts/cm/cmr9.pfb></usr/share/texlive/texmf-dist/fonts/type1/public/amsfont
s/cm/cmsy10.pfb></usr/share/texlive/texmf-dist/fonts/type1/public/amsfonts/cm/cmsy7.pfb></usr/share/texlive/texmf-dist/fonts/type1/public/amsfonts/cm/cmti10.pfb>
Output written on /home/huaraz2/Desktop/multivarite/Project/report.pdf (44 pages, 689031 bytes).
PDF statistics:
 1811 PDF objects out of 2073 (max. 8388607)
 1694 compressed objects within 17 object streams
 1207 named destinations out of 1440 (max. 500000)
 257 words of extra memory for PDF output out of 10000 (max. 10000000)

